mode: set
jjchavarrg.com/go-api/handlers/responses.go:11.49,13.2 1 0
jjchavarrg.com/go-api/handlers/responses.go:15.78,16.20 1 0
jjchavarrg.com/go-api/handlers/responses.go:27.2,28.40 2 0
jjchavarrg.com/go-api/handlers/responses.go:16.20,18.17 2 0
jjchavarrg.com/go-api/handlers/responses.go:22.3,25.9 4 0
jjchavarrg.com/go-api/handlers/responses.go:18.17,21.4 2 0
jjchavarrg.com/go-api/handlers/responses.go:31.89,34.2 2 0
jjchavarrg.com/go-api/handlers/rootHandler.go:6.58,7.23 1 0
jjchavarrg.com/go-api/handlers/rootHandler.go:12.2,13.37 2 0
jjchavarrg.com/go-api/handlers/rootHandler.go:7.23,11.3 3 0
jjchavarrg.com/go-api/handlers/userHandlers.go:15.54,16.14 1 1
jjchavarrg.com/go-api/handlers/userHandlers.go:19.2,19.19 1 1
jjchavarrg.com/go-api/handlers/userHandlers.go:22.2,22.14 1 1
jjchavarrg.com/go-api/handlers/userHandlers.go:25.2,26.16 2 1
jjchavarrg.com/go-api/handlers/userHandlers.go:29.2,29.30 1 1
jjchavarrg.com/go-api/handlers/userHandlers.go:16.14,18.3 1 1
jjchavarrg.com/go-api/handlers/userHandlers.go:19.19,21.3 1 1
jjchavarrg.com/go-api/handlers/userHandlers.go:22.14,24.3 1 1
jjchavarrg.com/go-api/handlers/userHandlers.go:26.16,28.3 1 0
jjchavarrg.com/go-api/handlers/userHandlers.go:32.58,33.23 1 0
jjchavarrg.com/go-api/handlers/userHandlers.go:36.2,37.16 2 0
jjchavarrg.com/go-api/handlers/userHandlers.go:41.2,41.33 1 0
jjchavarrg.com/go-api/handlers/userHandlers.go:45.2,46.67 2 0
jjchavarrg.com/go-api/handlers/userHandlers.go:33.23,35.3 1 0
jjchavarrg.com/go-api/handlers/userHandlers.go:37.16,40.3 2 0
jjchavarrg.com/go-api/handlers/userHandlers.go:41.33,44.3 2 0
jjchavarrg.com/go-api/handlers/userHandlers.go:49.59,52.16 3 0
jjchavarrg.com/go-api/handlers/userHandlers.go:56.2,58.16 3 0
jjchavarrg.com/go-api/handlers/userHandlers.go:66.2,68.35 3 0
jjchavarrg.com/go-api/handlers/userHandlers.go:52.16,55.3 2 0
jjchavarrg.com/go-api/handlers/userHandlers.go:58.16,59.17 1 0
jjchavarrg.com/go-api/handlers/userHandlers.go:64.3,64.9 1 0
jjchavarrg.com/go-api/handlers/userHandlers.go:59.17,61.4 1 0
jjchavarrg.com/go-api/handlers/userHandlers.go:61.9,63.4 1 0
jjchavarrg.com/go-api/handlers/userHandlers.go:71.76,72.23 1 0
jjchavarrg.com/go-api/handlers/userHandlers.go:75.2,76.16 2 0
jjchavarrg.com/go-api/handlers/userHandlers.go:84.2,84.33 1 0
jjchavarrg.com/go-api/handlers/userHandlers.go:88.2,89.62 2 0
jjchavarrg.com/go-api/handlers/userHandlers.go:72.23,74.3 1 0
jjchavarrg.com/go-api/handlers/userHandlers.go:76.16,77.31 1 0
jjchavarrg.com/go-api/handlers/userHandlers.go:81.3,82.9 2 0
jjchavarrg.com/go-api/handlers/userHandlers.go:77.31,80.4 2 0
jjchavarrg.com/go-api/handlers/userHandlers.go:84.33,87.3 2 0
jjchavarrg.com/go-api/handlers/userHandlers.go:92.76,95.16 3 0
jjchavarrg.com/go-api/handlers/userHandlers.go:99.2,101.16 3 0
jjchavarrg.com/go-api/handlers/userHandlers.go:109.2,111.62 3 0
jjchavarrg.com/go-api/handlers/userHandlers.go:95.16,98.3 2 0
jjchavarrg.com/go-api/handlers/userHandlers.go:101.16,102.17 1 0
jjchavarrg.com/go-api/handlers/userHandlers.go:107.3,107.9 1 0
jjchavarrg.com/go-api/handlers/userHandlers.go:102.17,104.4 1 0
jjchavarrg.com/go-api/handlers/userHandlers.go:104.9,106.4 1 0
jjchavarrg.com/go-api/handlers/userHandlers.go:114.78,116.16 2 0
jjchavarrg.com/go-api/handlers/userHandlers.go:124.2,125.16 2 0
jjchavarrg.com/go-api/handlers/userHandlers.go:129.2,131.16 3 0
jjchavarrg.com/go-api/handlers/userHandlers.go:139.2,141.62 3 0
jjchavarrg.com/go-api/handlers/userHandlers.go:116.16,117.31 1 0
jjchavarrg.com/go-api/handlers/userHandlers.go:121.3,122.9 2 0
jjchavarrg.com/go-api/handlers/userHandlers.go:117.31,120.4 2 0
jjchavarrg.com/go-api/handlers/userHandlers.go:125.16,128.3 2 0
jjchavarrg.com/go-api/handlers/userHandlers.go:131.16,132.17 1 0
jjchavarrg.com/go-api/handlers/userHandlers.go:137.3,137.9 1 0
jjchavarrg.com/go-api/handlers/userHandlers.go:132.17,134.4 1 0
jjchavarrg.com/go-api/handlers/userHandlers.go:134.9,136.4 1 0
jjchavarrg.com/go-api/handlers/userHandlers.go:144.79,146.16 2 0
jjchavarrg.com/go-api/handlers/userHandlers.go:154.2,156.30 3 0
jjchavarrg.com/go-api/handlers/userHandlers.go:146.16,147.31 1 0
jjchavarrg.com/go-api/handlers/userHandlers.go:151.3,152.9 2 0
jjchavarrg.com/go-api/handlers/userHandlers.go:147.31,150.4 2 0
jjchavarrg.com/go-api/handlers/usersRouter.go:11.58,14.22 2 0
jjchavarrg.com/go-api/handlers/usersRouter.go:34.2,35.31 2 0
jjchavarrg.com/go-api/handlers/usersRouter.go:40.2,42.18 2 0
jjchavarrg.com/go-api/handlers/usersRouter.go:14.22,15.19 1 0
jjchavarrg.com/go-api/handlers/usersRouter.go:16.23,18.10 2 0
jjchavarrg.com/go-api/handlers/usersRouter.go:19.24,21.10 2 0
jjchavarrg.com/go-api/handlers/usersRouter.go:22.24,24.10 2 0
jjchavarrg.com/go-api/handlers/usersRouter.go:25.27,27.10 2 0
jjchavarrg.com/go-api/handlers/usersRouter.go:28.11,30.10 2 0
jjchavarrg.com/go-api/handlers/usersRouter.go:35.31,38.3 2 0
jjchavarrg.com/go-api/handlers/usersRouter.go:43.22,45.9 2 0
jjchavarrg.com/go-api/handlers/usersRouter.go:46.23,48.9 2 0
jjchavarrg.com/go-api/handlers/usersRouter.go:49.22,51.9 2 0
jjchavarrg.com/go-api/handlers/usersRouter.go:52.24,54.9 2 0
jjchavarrg.com/go-api/handlers/usersRouter.go:55.25,57.9 2 0
jjchavarrg.com/go-api/handlers/usersRouter.go:58.26,60.9 2 0
jjchavarrg.com/go-api/handlers/usersRouter.go:61.10,62.44 1 0
