mode: set
jjchavarrg.com/go-api/handlers/responses.go:11.49,13.2 1 0
jjchavarrg.com/go-api/handlers/responses.go:15.78,16.20 1 0
jjchavarrg.com/go-api/handlers/responses.go:27.2,28.40 2 0
jjchavarrg.com/go-api/handlers/responses.go:16.20,18.17 2 0
jjchavarrg.com/go-api/handlers/responses.go:22.3,25.9 4 0
jjchavarrg.com/go-api/handlers/responses.go:18.17,21.4 2 0
jjchavarrg.com/go-api/handlers/responses.go:31.89,34.2 2 0
jjchavarrg.com/go-api/handlers/rootHandler.go:6.58,7.23 1 0
jjchavarrg.com/go-api/handlers/rootHandler.go:12.2,13.37 2 0
jjchavarrg.com/go-api/handlers/rootHandler.go:7.23,11.3 3 0
jjchavarrg.com/go-api/handlers/userHandlers.go:14.54,15.14 1 1
jjchavarrg.com/go-api/handlers/userHandlers.go:18.2,18.19 1 1
jjchavarrg.com/go-api/handlers/userHandlers.go:21.2,21.14 1 1
jjchavarrg.com/go-api/handlers/userHandlers.go:24.2,25.16 2 1
jjchavarrg.com/go-api/handlers/userHandlers.go:28.2,28.30 1 1
jjchavarrg.com/go-api/handlers/userHandlers.go:15.14,17.3 1 1
jjchavarrg.com/go-api/handlers/userHandlers.go:18.19,20.3 1 1
jjchavarrg.com/go-api/handlers/userHandlers.go:21.14,23.3 1 1
jjchavarrg.com/go-api/handlers/userHandlers.go:25.16,27.3 1 0
jjchavarrg.com/go-api/handlers/userHandlers.go:31.58,33.16 2 0
jjchavarrg.com/go-api/handlers/userHandlers.go:37.2,37.33 1 0
jjchavarrg.com/go-api/handlers/userHandlers.go:41.2,41.66 1 0
jjchavarrg.com/go-api/handlers/userHandlers.go:33.16,36.3 2 0
jjchavarrg.com/go-api/handlers/userHandlers.go:37.33,40.3 2 0
jjchavarrg.com/go-api/handlers/userHandlers.go:44.59,47.16 3 0
jjchavarrg.com/go-api/handlers/userHandlers.go:51.2,53.16 3 0
jjchavarrg.com/go-api/handlers/userHandlers.go:61.2,62.35 2 0
jjchavarrg.com/go-api/handlers/userHandlers.go:47.16,50.3 2 0
jjchavarrg.com/go-api/handlers/userHandlers.go:53.16,54.17 1 0
jjchavarrg.com/go-api/handlers/userHandlers.go:59.3,59.9 1 0
jjchavarrg.com/go-api/handlers/userHandlers.go:54.17,56.4 1 0
jjchavarrg.com/go-api/handlers/userHandlers.go:56.9,58.4 1 0
jjchavarrg.com/go-api/handlers/userHandlers.go:65.76,67.16 2 0
jjchavarrg.com/go-api/handlers/userHandlers.go:75.2,75.33 1 0
jjchavarrg.com/go-api/handlers/userHandlers.go:79.2,79.61 1 0
jjchavarrg.com/go-api/handlers/userHandlers.go:67.16,68.31 1 0
jjchavarrg.com/go-api/handlers/userHandlers.go:72.3,73.9 2 0
jjchavarrg.com/go-api/handlers/userHandlers.go:68.31,71.4 2 0
jjchavarrg.com/go-api/handlers/userHandlers.go:75.33,78.3 2 0
jjchavarrg.com/go-api/handlers/userHandlers.go:82.76,85.16 3 0
jjchavarrg.com/go-api/handlers/userHandlers.go:89.2,91.16 3 0
jjchavarrg.com/go-api/handlers/userHandlers.go:99.2,99.61 1 0
jjchavarrg.com/go-api/handlers/userHandlers.go:85.16,88.3 2 0
jjchavarrg.com/go-api/handlers/userHandlers.go:91.16,92.17 1 0
jjchavarrg.com/go-api/handlers/userHandlers.go:97.3,97.9 1 0
jjchavarrg.com/go-api/handlers/userHandlers.go:92.17,94.4 1 0
jjchavarrg.com/go-api/handlers/userHandlers.go:94.9,96.4 1 0
jjchavarrg.com/go-api/handlers/userHandlers.go:102.78,104.16 2 0
jjchavarrg.com/go-api/handlers/userHandlers.go:112.2,113.16 2 0
jjchavarrg.com/go-api/handlers/userHandlers.go:117.2,119.16 3 0
jjchavarrg.com/go-api/handlers/userHandlers.go:127.2,127.61 1 0
jjchavarrg.com/go-api/handlers/userHandlers.go:104.16,105.31 1 0
jjchavarrg.com/go-api/handlers/userHandlers.go:109.3,110.9 2 0
jjchavarrg.com/go-api/handlers/userHandlers.go:105.31,108.4 2 0
jjchavarrg.com/go-api/handlers/userHandlers.go:113.16,116.3 2 0
jjchavarrg.com/go-api/handlers/userHandlers.go:119.16,120.17 1 0
jjchavarrg.com/go-api/handlers/userHandlers.go:125.3,125.9 1 0
jjchavarrg.com/go-api/handlers/userHandlers.go:120.17,122.4 1 0
jjchavarrg.com/go-api/handlers/userHandlers.go:122.9,124.4 1 0
jjchavarrg.com/go-api/handlers/userHandlers.go:130.79,132.16 2 0
jjchavarrg.com/go-api/handlers/userHandlers.go:140.2,140.30 1 0
jjchavarrg.com/go-api/handlers/userHandlers.go:132.16,133.31 1 0
jjchavarrg.com/go-api/handlers/userHandlers.go:137.3,138.9 2 0
jjchavarrg.com/go-api/handlers/userHandlers.go:133.31,136.4 2 0
jjchavarrg.com/go-api/handlers/usersRouter.go:11.58,14.22 2 0
jjchavarrg.com/go-api/handlers/usersRouter.go:34.2,35.31 2 0
jjchavarrg.com/go-api/handlers/usersRouter.go:40.2,42.18 2 0
jjchavarrg.com/go-api/handlers/usersRouter.go:14.22,15.19 1 0
jjchavarrg.com/go-api/handlers/usersRouter.go:16.23,18.10 2 0
jjchavarrg.com/go-api/handlers/usersRouter.go:19.24,21.10 2 0
jjchavarrg.com/go-api/handlers/usersRouter.go:22.24,24.10 2 0
jjchavarrg.com/go-api/handlers/usersRouter.go:25.27,27.10 2 0
jjchavarrg.com/go-api/handlers/usersRouter.go:28.11,30.10 2 0
jjchavarrg.com/go-api/handlers/usersRouter.go:35.31,38.3 2 0
jjchavarrg.com/go-api/handlers/usersRouter.go:43.22,45.9 2 0
jjchavarrg.com/go-api/handlers/usersRouter.go:46.23,48.9 2 0
jjchavarrg.com/go-api/handlers/usersRouter.go:49.22,51.9 2 0
jjchavarrg.com/go-api/handlers/usersRouter.go:52.24,54.9 2 0
jjchavarrg.com/go-api/handlers/usersRouter.go:55.25,57.9 2 0
jjchavarrg.com/go-api/handlers/usersRouter.go:58.26,60.9 2 0
jjchavarrg.com/go-api/handlers/usersRouter.go:61.10,62.44 1 0
